Name: OUT01_MMXU1PPVPhsABIMag | KeyTag: 460001,9480008
Name: OUT01_MMXU1PPVPhsBCIMag | KeyTag: 480001,9500008
Name: OUT01_MMXU1PPVPhsCAIMag | KeyTag: 500001,9520008
Name: OUT01_MMXU1APhsAIMag | KeyTag: 400001,9420008
Name: OUT01_MMXU1APhsBIMag | KeyTag: 420001,9440008
Name: OUT01_MMXU1APhsCIMag | KeyTag: 440001,9460008
Name: OUT01_MMXU1TotWInstMag | KeyTag: 580001,9600008
Name: OUT01_MMXU1TotVArInstMag | KeyTag: 560001,9580008
Name: OUT01_MMXU1TotPFMag | KeyTag: 540001,9560008
Name: OUT01_CSWI2PosStVal | KeyTag: 1960002,10000006
Name: OUT02_MMXU1PPVPhsABIMag | KeyTag: 880001,9680008
Name: OUT02_MMXU1PPVPhsBCIMag | KeyTag: 900001,9700008
Name: OUT02_MMXU1PPVPhsCAIMag | KeyTag: 920001,9720008
Name: OUT02_MMXU1APhsAIMag | KeyTag: 820001,9620008
Name: OUT02_MMXU1APhsBIMag | KeyTag: 840001,9640008
Name: OUT02_MMXU1APhsCIMag | KeyTag: 860001,9660008
Name: OUT02_MMXU1TotWInstMag | KeyTag: 980001,9780008
Name: OUT02_MMXU1TotVArInstMag | KeyTag: 960001,9760008
Name: OUT02_MMXU1TotPFMag | KeyTag: 940001,9740008
Name: OUT02_CSWI2PosStVal | KeyTag: 4200002,12120006
Name: OUT03_MMXU1PPVPhsABIMag | KeyTag: 1280001,9860008
Name: OUT03_MMXU1PPVPhsBCIMag | KeyTag: 1300001,9880008
Name: OUT03_MMXU1PPVPhsCAIMag | KeyTag: 1320001,9900008
Name: OUT03_MMXU1APhsAIMag | KeyTag: 1220001,9800008
Name: OUT03_MMXU1APhsBIMag | KeyTag: 1240001,9820008
Name: OUT03_MMXU1APhsCIMag | KeyTag: 1260001,9840008
Name: OUT03_MMXU1TotWInstMag | KeyTag: 1380001,9960008
Name: OUT03_MMXU1TotVArInstMag | KeyTag: 1360001,9940008
Name: OUT03_MMXU1TotPFMag | KeyTag: 1340001,9920008
Name: OUT03_CSWI2PosStVal | KeyTag: 6440002,14240006
Name: OUT04_MMXU1PPVPhsABIMag | KeyTag: 1680001,10040008
Name: OUT04_MMXU1PPVPhsBCIMag | KeyTag: 1700001,10060008
Name: OUT04_MMXU1PPVPhsCAIMag | KeyTag: 1720001,10080008
Name: OUT04_MMXU1APhsAIMag | KeyTag: 1620001,9980008
Name: OUT04_MMXU1APhsBIMag | KeyTag: 1640001,10000008
Name: OUT04_MMXU1APhsCIMag | KeyTag: 1660001,10020008
Name: OUT04_MMXU1TotWInstMag | KeyTag: 1780001,10140008
Name: OUT04_MMXU1TotVArInstMag | KeyTag: 1760001,10120008
Name: OUT04_MMXU1TotPFMag | KeyTag: 1740001,10100008
Name: OUT04_CSWI2PosStVal | KeyTag: 8700002,16380006
Name: OUT05_MMXU1PPVPhsABIMag | KeyTag: 2080001,10220008
Name: OUT05_MMXU1PPVPhsBCIMag | KeyTag: 2100001,10240008
Name: OUT05_MMXU1PPVPhsCAIMag | KeyTag: 2120001,10260008
Name: OUT05_MMXU1APhsAIMag | KeyTag: 2020001,10160008
Name: OUT05_MMXU1APhsBIMag | KeyTag: 2040001,10180008
Name: OUT05_MMXU1APhsCIMag | KeyTag: 2060001,10200008
Name: OUT05_MMXU1TotWInstMag | KeyTag: 2180001,10320008
Name: OUT05_MMXU1TotVArInstMag | KeyTag: 2160001,10300008
Name: OUT05_MMXU1TotPFMag | KeyTag: 2140001,10280008
Name: OUT05_CSWI2PosStVal | KeyTag: 10940002,500007
Name: OUT06_MMXU1PPVPhsABIMag | KeyTag: 2480001,10400008
Name: OUT06_MMXU1PPVPhsBCIMag | KeyTag: 2500001,10420008
Name: OUT06_MMXU1PPVPhsCAIMag | KeyTag: 2520001,10440008
Name: OUT06_MMXU1APhsAIMag | KeyTag: 2420001,10340008
Name: OUT06_MMXU1APhsBIMag | KeyTag: 2440001,10360008
Name: OUT06_MMXU1APhsCIMag | KeyTag: 2460001,10380008
Name: OUT06_MMXU1TotWInstMag | KeyTag: 2580001,10500008
Name: OUT06_MMXU1TotVArInstMag | KeyTag: 2560001,10480008
Name: OUT06_MMXU1TotPFMag | KeyTag: 2540001,10460008
Name: OUT06_CSWI2PosStVal | KeyTag: 13180002,2620007
Name: OUT07_MMXU1PPVPhsABIMag | KeyTag: 2880001,10580008
Name: OUT07_MMXU1PPVPhsBCIMag | KeyTag: 2900001,10600008
Name: OUT07_MMXU1PPVPhsCAIMag | KeyTag: 2920001,10620008
Name: OUT07_MMXU1APhsAIMag | KeyTag: 2820001,10520008
Name: OUT07_MMXU1APhsBIMag | KeyTag: 2840001,10540008
Name: OUT07_MMXU1APhsCIMag | KeyTag: 2860001,10560008
Name: OUT07_MMXU1TotWInstMag | KeyTag: 2980001,10680008
Name: OUT07_MMXU1TotVArInstMag | KeyTag: 2960001,10660008
Name: OUT07_MMXU1TotPFMag | KeyTag: 2940001,10640008
Name: OUT07_CSWI2PosStVal | KeyTag: 15440002,4740007
Name: OUT08_MMXU1PPVPhsABIMag | KeyTag: 3280001,10760008
Name: OUT08_MMXU1PPVPhsBCIMag | KeyTag: 3300001,10780008
Name: OUT08_MMXU1PPVPhsCAIMag | KeyTag: 3320001,10800008
Name: OUT08_MMXU1APhsAIMag | KeyTag: 3220001,10700008
Name: OUT08_MMXU1APhsBIMag | KeyTag: 3240001,10720008
Name: OUT08_MMXU1APhsCIMag | KeyTag: 3260001,10740008
Name: OUT08_MMXU1TotWInstMag | KeyTag: 3380001,10860008
Name: OUT08_MMXU1TotVArInstMag | KeyTag: 3360001,10840008
Name: OUT08_MMXU1TotPFMag | KeyTag: 3340001,10820008
Name: OUT08_CSWI2PosStVal | KeyTag: 17680002,6840007
Name: OUT09_MMXU1PPVPhsABIMag | KeyTag: 3680001,10940008
Name: OUT09_MMXU1PPVPhsBCIMag | KeyTag: 3700001,10960008
Name: OUT09_MMXU1PPVPhsCAIMag | KeyTag: 3720001,10980008
Name: OUT09_MMXU1APhsAIMag | KeyTag: 3620001,10880008
Name: OUT09_MMXU1APhsBIMag | KeyTag: 3640001,10900008
Name: OUT09_MMXU1APhsCIMag | KeyTag: 3660001,10920008
Name: OUT09_MMXU1TotWInstMag | KeyTag: 3780001,11040008
Name: OUT09_MMXU1TotVArInstMag | KeyTag: 3760001,11020008
Name: OUT09_MMXU1TotPFMag | KeyTag: 3740001,11000008
Name: OUT09_CSWI2PosStVal | KeyTag: 1920003,8940007
Name: OUT10_MMXU1PPVPhsABIMag | KeyTag: 4080001,11120008
Name: OUT10_MMXU1PPVPhsBCIMag | KeyTag: 4100001,11140008
Name: OUT10_MMXU1PPVPhsCAIMag | KeyTag: 4120001,11160008
Name: OUT10_MMXU1APhsAIMag | KeyTag: 4020001,11060008
Name: OUT10_MMXU1APhsBIMag | KeyTag: 4040001,11080008
Name: OUT10_MMXU1APhsCIMag | KeyTag: 4060001,11100008
Name: OUT10_MMXU1TotWInstMag | KeyTag: 4180001,11220008
Name: OUT10_MMXU1TotVArInstMag | KeyTag: 4160001,11200008
Name: OUT10_MMXU1TotPFMag | KeyTag: 4140001,11180008
Name: OUT10_CSWI2PosStVal | KeyTag: 4160003,11140007
Name: BS01_MMXU1PPVPhsABIMag | KeyTag: 16420000,12180004
Name: BS01_MMXU1PPVPhsBCIMag | KeyTag: 16440000,12200004
Name: BS01_MMXU1PPVPhsCAIMag | KeyTag: 16460000,12220004
Name: BS01_MMXU1APhsAIMag | KeyTag: 16360000,12120004
Name: BS01_MMXU1APhsBIMag | KeyTag: 16380000,12140004
Name: BS01_MMXU1APhsCIMag | KeyTag: 16400000,12160004
Name: BS01_MMXU1TotWInstMag | KeyTag: 16540000,12300004
Name: BS01_MMXU1TotVArInstMag | KeyTag: 16520000,12280004
Name: BS01_MMXU1TotPFMag | KeyTag: 16500000,12260004
Name: BS01_CSWI2PosStVal | KeyTag: 6420001,1420005
Name: CAP01_MMXU1PPVPhsABIMag | KeyTag: 16840000,12460004
Name: CAP01_MMXU1PPVPhsBCIMag | KeyTag: 16860000,12480004
Name: CAP01_MMXU1PPVPhsCAIMag | KeyTag: 16880000,12500004
Name: CAP01_MMXU1APhsAIMag | KeyTag: 16780000,12400004
Name: CAP01_MMXU1APhsBIMag | KeyTag: 16800000,12420004
Name: CAP01_MMXU1APhsCIMag | KeyTag: 16820000,12440004
Name: CAP01_MMXU1TotWInstMag | KeyTag: 16960000,12580004
Name: CAP01_MMXU1TotVArInstMag | KeyTag: 16940000,12560004
Name: CAP01_MMXU1TotPFMag | KeyTag: 16920000,12540004
Name: CAP01_CSWI2PosStVal | KeyTag: 8180001,3120005
Name: CAP02_MMXU1PPVPhsABIMag | KeyTag: 17260000,12740004
Name: CAP02_MMXU1PPVPhsBCIMag | KeyTag: 17280000,12760004
Name: CAP02_MMXU1PPVPhsCAIMag | KeyTag: 17300000,12780004
Name: CAP02_MMXU1APhsAIMag | KeyTag: 17200000,12680004
Name: CAP02_MMXU1APhsBIMag | KeyTag: 17220000,12700004
Name: CAP02_MMXU1APhsCIMag | KeyTag: 17240000,12720004
Name: CAP02_MMXU1TotWInstMag | KeyTag: 17380000,12860004
Name: CAP02_MMXU1TotVArInstMag | KeyTag: 17360000,12840004
Name: CAP02_MMXU1TotPFMag | KeyTag: 17340000,12820004
Name: CAP02_CSWI2PosStVal | KeyTag: 11060001,5960005
Name: TS01_MMXU1PPVPhsABIMag | KeyTag: 4520001,11340008
Name: TS01_MMXU1PPVPhsBCIMag | KeyTag: 4540001,11360008
Name: TS01_MMXU1PPVPhsCAIMag | KeyTag: 4560001,11380008
Name: TS01_MMXU1APhsAIMag | KeyTag: 4420001,11240008
Name: TS01_MMXU1APhsBIMag | KeyTag: 4440001,11260008
Name: TS01_MMXU1APhsCIMag | KeyTag: 4460001,11280008
Name: TS01_MMXU1TotWInstMag | KeyTag: 4640001,11460008
Name: TS01_MMXU1TotVArInstMag | KeyTag: 4620001,11440008
Name: TS01_MMXU1TotPFMag | KeyTag: 4600001,11420008
Name: TS01_CSWI2PosStVal | KeyTag: 5980003,12940007
Name: TS02_MMXU1PPVPhsABIMag | KeyTag: 4920001,11580008
Name: TS02_MMXU1PPVPhsBCIMag | KeyTag: 4940001,11600008
Name: TS02_MMXU1PPVPhsCAIMag | KeyTag: 4960001,11620008
Name: TS02_MMXU1APhsAIMag | KeyTag: 4820001,11480008
Name: TS02_MMXU1APhsBIMag | KeyTag: 4840001,11500008
Name: TS02_MMXU1APhsCIMag | KeyTag: 4860001,11520008
Name: TS02_MMXU1TotWInstMag | KeyTag: 5040001,11700008
Name: TS02_MMXU1TotVArInstMag | KeyTag: 5020001,11680008
Name: TS02_MMXU1TotPFMag | KeyTag: 5000001,11660008
Name: TS02_CSWI2PosStVal | KeyTag: 7680003,14580007
Name: INC01_MMXU1PPVPhsABIMag | KeyTag: 17680000,13000004
Name: INC01_MMXU1PPVPhsBCIMag | KeyTag: 17700000,13020004
Name: INC01_MMXU1PPVPhsCAIMag | KeyTag: 17720000,13040004
Name: INC01_MMXU1APhsAIMag | KeyTag: 17620000,12940004
Name: INC01_MMXU1APhsBIMag | KeyTag: 17640000,12960004
Name: INC01_MMXU1APhsCIMag | KeyTag: 17660000,12980004
Name: INC01_MMXU1TotWInstMag | KeyTag: 120000,13100004
Name: INC01_MMXU1TotVArInstMag | KeyTag: 100000,13080004
Name: INC01_MMXU1TotPFMag | KeyTag: 17740000,13060004
Name: INC01_CSWI2PosStVal | KeyTag: 14020001,8920005
Name: INC02_MMXU1PPVPhsABIMag | KeyTag: 40001,13260004
Name: INC02_MMXU1PPVPhsBCIMag | KeyTag: 60001,13280004
Name: INC02_MMXU1PPVPhsCAIMag | KeyTag: 80001,13300004
Name: INC02_MMXU1APhsAIMag | KeyTag: 17980000,13200004
Name: INC02_MMXU1APhsBIMag | KeyTag: 1,13220004
Name: INC02_MMXU1APhsCIMag | KeyTag: 20001,13240004
Name: INC02_MMXU1TotWInstMag | KeyTag: 160001,13380004
Name: INC02_MMXU1TotVArInstMag | KeyTag: 140001,13360004
Name: INC02_MMXU1TotPFMag | KeyTag: 120001,13340004
Name: INC02_CSWI2PosStVal | KeyTag: 15720001,10560005
Name: L1M1_MMXU1PPVPhsABIMag | KeyTag: 6060001,8940008
Name: L1M1_MMXU1PPVPhsBCIMag | KeyTag: 6080001,8960008
Name: L1M1_MMXU1PPVPhsCAIMag | KeyTag: 6100001,8980008
Name: L1M1_MMXU1APhsAIMag | KeyTag: 6120001,8880008
Name: L1M1_MMXU1APhsBIMag | KeyTag: 6140001,8900008
Name: L1M1_MMXU1APhsCIMag | KeyTag: 6160001,8920008
Name: L1M1_MMXU1TotWInstMag | KeyTag: 6000001,9040008
Name: L1M1_MMXU1TotVArInstMag | KeyTag: 6020001,9020008
Name: L1M1_MMXU1TotPFMag | KeyTag: 6040001,9000008
Name: L1M1_CSWI2PosStVal | KeyTag: 
Name: L2BCU_MMXU1PPVPhsABIMag | KeyTag: 5100001,9120008
Name: L2BCU_MMXU1PPVPhsBCIMag | KeyTag: 5120001,9140008
Name: L2BCU_MMXU1PPVPhsCAIMag | KeyTag: 5140001,9160008
Name: L2BCU_MMXU1APhsAIMag | KeyTag: 5160001,9060008
Name: L2BCU_MMXU1APhsBIMag | KeyTag: 5180001,9080008
Name: L2BCU_MMXU1APhsCIMag | KeyTag: 5200001,9100008
Name: L2BCU_MMXU1TotWInstMag | KeyTag: 5060001,9220008
Name: L2BCU_MMXU1TotVArInstMag | KeyTag: 5080001,9200008
Name: L2BCU_MMXU1TotPFMag | KeyTag: 5380001,9180008
Name: L2BCU_CSWI2PosStVal | KeyTag: 
Name: L3BCU_MMXU1PPVPhsABIMag | KeyTag: 5500001,9300008
Name: L3BCU_MMXU1PPVPhsBCIMag | KeyTag: 5520001,9320008
Name: L3BCU_MMXU1PPVPhsCAIMag | KeyTag: 5540001,9340008
Name: L3BCU_MMXU1APhsAIMag | KeyTag: 5560001,9240008
Name: L3BCU_MMXU1APhsBIMag | KeyTag: 5580001,9260008
Name: L3BCU_MMXU1APhsCIMag | KeyTag: 5600001,9280008
Name: L3BCU_MMXU1TotWInstMag | KeyTag: 5440001,9400008
Name: L3BCU_MMXU1TotVArInstMag | KeyTag: 5460001,9380008
Name: L3BCU_MMXU1TotPFMag | KeyTag: 5480001,9360008
Name: L3BCU_CSWI2PosStVal | KeyTag: 
